#
# There is insufficient memory for the Java Runtime Environment to continue.
# Native memory allocation (malloc) failed to allocate 590896 bytes. Error detail: Chunk::new
# Possible reasons:
#   The system is out of physical RAM or swap space
#   This process is running with CompressedOops enabled, and the Java Heap may be blocking the growth of the native heap
# Possible solutions:
#   Reduce memory load on the system
#   Increase physical memory or swap space
#   Check if swap backing store is full
#   Decrease Java heap size (-Xmx/-Xms)
#   Decrease number of Java threads
#   Decrease Java thread stack sizes (-Xss)
#   Set larger code cache with -XX:ReservedCodeCacheSize=
#   JVM is running with Zero Based Compressed Oops mode in which the Java heap is
#     placed in the first 32GB address space. The Java Heap base address is the
#     maximum limit for the native heap growth. Please use -XX:HeapBaseMinAddress
#     to set the Java Heap base and to place the Java Heap above 32GB virtual address.
# This output file may be truncated or incomplete.
#
#  Out of Memory Error (arena.cpp:149), pid=36924, tid=15832
#
# JRE version: Java(TM) SE Runtime Environment (23.0+37) (build 23+37-2369)
# Java VM: Java HotSpot(TM) 64-Bit Server VM (23+37-2369, mixed mode, sharing, tiered, compressed oops, compressed class ptrs, g1 gc, windows-amd64)
# No core dump will be written. Minidumps are not enabled by default on client versions of Windows
#

---------------  S U M M A R Y ------------

Command Line: -Dfile.encoding=UTF-8 -Dstdout.encoding=UTF-8 -Dstderr.encoding=UTF-8 --module-path=D:\eclipse-workspace\BankingSystem\bin;C:\Users\no_name007\Downloads\jcalendar-tz-1.3.3-4.jar;C:\Users\no_name007\Downloads\mysql-connector-j-8.3.0.jar -XX:+ShowCodeDetailsInExceptionMessages -Djdk.module.main=BankingSystem BankingSystem/bank.management.system.SignUp2

Host: AMD Ryzen 7 4800H with Radeon Graphics         , 16 cores, 15G,  Windows 11 , 64 bit Build 22621 (10.0.22621.4391)
Time: Thu Jan 23 17:27:56 2025 India Standard Time elapsed time: 0.530256 seconds (0d 0h 0m 0s)

---------------  T H R E A D  ---------------

Current thread (0x000002484ca15770):  JavaThread "C2 CompilerThread1" daemon [_thread_in_native, id=15832, stack(0x00000048d0900000,0x00000048d0a00000) (1024K)]


Current CompileTask:
C2:530 1025 % !   4       sun.awt.image.PNGImageDecoder::produceImage @ 960 (1917 bytes)

Stack: [0x00000048d0900000,0x00000048d0a00000]
Native frames: (J=compiled Java code, j=interpreted, Vv=VM code, C=native code)
V  [jvm.dll+0x6e08a9]  (no source info available)
V  [jvm.dll+0x87da63]  (no source info available)
V  [jvm.dll+0x87feee]  (no source info available)
V  [jvm.dll+0x8805c3]  (no source info available)
V  [jvm.dll+0x27aee6]  (no source info available)
V  [jvm.dll+0xbc06f]  (no source info available)
V  [jvm.dll+0xbc2cb]  (no source info available)
V  [jvm.dll+0x3b3a62]  (no source info available)
V  [jvm.dll+0x38a42b]  (no source info available)
V  [jvm.dll+0x38989a]  (no source info available)
V  [jvm.dll+0x244aa1]  (no source info available)
V  [jvm.dll+0x243dff]  (no source info available)
V  [jvm.dll+0x1c33a0]  (no source info available)
V  [jvm.dll+0x253cf1]  (no source info available)
V  [jvm.dll+0x251faa]  (no source info available)
V  [jvm.dll+0x3ee036]  (no source info available)
V  [jvm.dll+0x824f1b]  (no source info available)
V  [jvm.dll+0x6df055]  (no source info available)
C  [ucrtbase.dll+0x29333]  (no source info available)
C  [KERNEL32.DLL+0x1259d]  (no source info available)
C  [ntdll.dll+0x5af38]  (no source info available)

Lock stack of current Java thread (top to bottom):


---------------  P R O C E S S  ---------------

Threads class SMR info:
_java_thread_list=0x000002489229dfc0, length=19, elements={
0x000002482aa95ec0, 0x000002484c9fca40, 0x000002484c9fe4b0, 0x000002484c9ff850,
0x000002484ca002b0, 0x000002484ca08d20, 0x000002484ca098b0, 0x000002484ca11650,
0x000002484ca12e90, 0x000002484cb331c0, 0x000002484ca15e40, 0x000002484ca16510,
0x000002484ca13560, 0x000002484cde68d0, 0x0000024892023b10, 0x000002489202bf80,
0x00000248920318d0, 0x00000248922f5500, 0x000002484ca15770
}

Java Threads: ( => current thread )
  0x000002482aa95ec0 JavaThread "main"                              [_thread_in_vm, id=10992, stack(0x00000048ce400000,0x00000048ce500000) (1024K)]
  0x000002484c9fca40 JavaThread "Reference Handler"          daemon [_thread_blocked, id=38620, stack(0x00000048cec00000,0x00000048ced00000) (1024K)]
  0x000002484c9fe4b0 JavaThread "Finalizer"                  daemon [_thread_blocked, id=15920, stack(0x00000048ced00000,0x00000048cee00000) (1024K)]
  0x000002484c9ff850 JavaThread "Signal Dispatcher"          daemon [_thread_blocked, id=38776, stack(0x00000048cee00000,0x00000048cef00000) (1024K)]
  0x000002484ca002b0 JavaThread "Attach Listener"            daemon [_thread_blocked, id=35788, stack(0x00000048cef00000,0x00000048cf000000) (1024K)]
  0x000002484ca08d20 JavaThread "Service Thread"             daemon [_thread_blocked, id=30032, stack(0x00000048cf000000,0x00000048cf100000) (1024K)]
  0x000002484ca098b0 JavaThread "Monitor Deflation Thread"   daemon [_thread_blocked, id=33212, stack(0x00000048cf100000,0x00000048cf200000) (1024K)]
  0x000002484ca11650 JavaThread "C2 CompilerThread0"         daemon [_thread_in_native, id=38828, stack(0x00000048cf200000,0x00000048cf300000) (1024K)]
  0x000002484ca12e90 JavaThread "C1 CompilerThread0"         daemon [_thread_blocked, id=38820, stack(0x00000048cf300000,0x00000048cf400000) (1024K)]
  0x000002484cb331c0 JavaThread "Common-Cleaner"             daemon [_thread_blocked, id=38560, stack(0x00000048cf400000,0x00000048cf500000) (1024K)]
  0x000002484ca15e40 JavaThread "C1 CompilerThread1"         daemon [_thread_blocked, id=38840, stack(0x00000048cf500000,0x00000048cf600000) (1024K)]
  0x000002484ca16510 JavaThread "C1 CompilerThread2"         daemon [_thread_blocked, id=38584, stack(0x00000048cf600000,0x00000048cf700000) (1024K)]
  0x000002484ca13560 JavaThread "C1 CompilerThread3"         daemon [_thread_blocked, id=38836, stack(0x00000048cf700000,0x00000048cf800000) (1024K)]
  0x000002484cde68d0 JavaThread "Notification Thread"        daemon [_thread_blocked, id=38824, stack(0x00000048cf900000,0x00000048cfa00000) (1024K)]
  0x0000024892023b10 JavaThread "Java2D Disposer"            daemon [_thread_blocked, id=38508, stack(0x00000048cfa00000,0x00000048cfb00000) (1024K)]
  0x000002489202bf80 JavaThread "AWT-Shutdown"                      [_thread_blocked, id=38476, stack(0x00000048cfb00000,0x00000048cfc00000) (1024K)]
  0x00000248920318d0 JavaThread "AWT-Windows"                daemon [_thread_in_native, id=38612, stack(0x00000048cfc00000,0x00000048cfd00000) (1024K)]
  0x00000248922f5500 JavaThread "Image Fetcher 0"            daemon [_thread_blocked, id=4592, stack(0x00000048cf800000,0x00000048cf900000) (1024K)]
=>0x000002484ca15770 JavaThread "C2 CompilerThread1"         daemon [_thread_in_native, id=15832, stack(0x00000048d0900000,0x00000048d0a00000) (1024K)]
Total: 19

Other Threads:
  0x000002484c9e4e80 VMThread "VM Thread"                           [id=38656, stack(0x00000048ceb00000,0x00000048cec00000) (1024K)]
  0x000002484c9d3660 WatcherThread "VM Periodic Task Thread"        [id=38652, stack(0x00000048cea00000,0x00000048ceb00000) (1024K)]
  0x000002482cddbb20 WorkerThread "GC Thread#0"                     [id=38632, stack(0x00000048ce500000,0x00000048ce600000) (1024K)]
  0x00000248924c5f60 WorkerThread "GC Thread#1"                     [id=36928, stack(0x00000048d0a00000,0x00000048d0b00000) (1024K)]
  0x0000024892426020 WorkerThread "GC Thread#2"                     [id=36580, stack(0x00000048d0b00000,0x00000048d0c00000) (1024K)]
  0x00000248924263d0 WorkerThread "GC Thread#3"                     [id=38240, stack(0x00000048d0c00000,0x00000048d0d00000) (1024K)]
  0x0000024892426780 WorkerThread "GC Thread#4"                     [id=25148, stack(0x00000048d0d00000,0x00000048d0e00000) (1024K)]
  0x00000248923df8f0 WorkerThread "GC Thread#5"                     [id=31232, stack(0x00000048d0e00000,0x00000048d0f00000) (1024K)]
  0x00000248927e3180 WorkerThread "GC Thread#6"                     [id=35924, stack(0x00000048d0f00000,0x00000048d1000000) (1024K)]
  0x00000248927ea780 WorkerThread "GC Thread#7"                     [id=20140, stack(0x00000048d1000000,0x00000048d1100000) (1024K)]
  0x00000248927eab30 WorkerThread "GC Thread#8"                     [id=38680, stack(0x00000048d1100000,0x00000048d1200000) (1024K)]
  0x000002482cdf0ff0 ConcurrentGCThread "G1 Main Marker"            [id=38640, stack(0x00000048ce600000,0x00000048ce700000) (1024K)]
  0x000002482cdf3c70 WorkerThread "G1 Conc#0"                       [id=38636, stack(0x00000048ce700000,0x00000048ce800000) (1024K)]
  0x000002484c8a6720 ConcurrentGCThread "G1 Refine#0"               [id=38644, stack(0x00000048ce800000,0x00000048ce900000) (1024K)]
  0x000002484c8a91b0 ConcurrentGCThread "G1 Service"                [id=38624, stack(0x00000048ce900000,0x00000048cea00000) (1024K)]
Total: 15

Threads with active compile tasks:
C2 CompilerThread0  596 1032   !   4       java.io.BufferedInputStream::read (69 bytes)
C2 CompilerThread1  596 1025 % !   4       sun.awt.image.PNGImageDecoder::produceImage @ 960 (1917 bytes)
Total: 2

VM state: not at safepoint (normal execution)

VM Mutex/Monitor currently owned by a thread: None

Heap address: 0x0000000709400000, size: 3948 MB, Compressed Oops mode: Zero based, Oop shift amount: 3

CDS archive(s) mapped at: [0x000002484d000000-0x000002484dd70000-0x000002484dd70000), size 14090240, SharedBaseAddress: 0x000002484d000000, ArchiveRelocationMode: 1.
Compressed class space mapped at: 0x000002484e000000-0x000002488e000000, reserved size: 1073741824
Narrow klass base: 0x000002484d000000, Narrow klass shift: 0, Narrow klass range: 0x41000000

GC Precious Log:
 CardTable entry size: 512
 Card Set container configuration: InlinePtr #cards 4 size 8 Array Of Cards #cards 16 size 48 Howl #buckets 8 coarsen threshold 3686 Howl Bitmap #cards 512 size 80 coarsen threshold 460 Card regions per heap region 1 cards per card region 4096
 CPUs: 16 total, 16 available
 Memory: 15791M
 Large Page Support: Disabled
 NUMA Support: Disabled
 Compressed Oops: Enabled (Zero based)
 Heap Region Size: 2M
 Heap Min Capacity: 8M
 Heap Initial Capacity: 248M
 Heap Max Capacity: 3948M
 Pre-touch: Disabled
 Parallel Workers: 13
 Concurrent Workers: 3
 Concurrent Refinement Workers: 13
 Periodic GC: Disabled

Heap:
 garbage-first heap   total reserved 4042752K, committed 253952K, used 31385K [0x0000000709400000, 0x0000000800000000)
  region size 2048K, 7 young (14336K), 2 survivors (4096K)
 Metaspace       used 6115K, committed 6336K, reserved 1114112K
  class space    used 670K, committed 768K, reserved 1048576K

Heap Regions: E=young(eden), S=young(survivor), O=old, HS=humongous(starts), HC=humongous(continues), CS=collection set, F=free, TAMS=top-at-mark-start, PB=parsable bottom
|   0|0x0000000709400000, 0x0000000709600000, 0x0000000709600000|100%|HS|  |TAMS 0x0000000709400000| PB 0x0000000709400000| Complete |  0
|   1|0x0000000709600000, 0x0000000709800000, 0x0000000709800000|100%|HC|  |TAMS 0x0000000709600000| PB 0x0000000709600000| Complete |  0
|   2|0x0000000709800000, 0x0000000709a00000, 0x0000000709a00000|100%|HC|  |TAMS 0x0000000709800000| PB 0x0000000709800000| Complete |  0
|   3|0x0000000709a00000, 0x0000000709c00000, 0x0000000709c00000|100%|HC|  |TAMS 0x0000000709a00000| PB 0x0000000709a00000| Complete |  0
|   4|0x0000000709c00000, 0x0000000709e00000, 0x0000000709e00000|100%|HC|  |TAMS 0x0000000709c00000| PB 0x0000000709c00000| Complete |  0
|   5|0x0000000709e00000, 0x000000070a000000, 0x000000070a000000|100%|HC|  |TAMS 0x0000000709e00000| PB 0x0000000709e00000| Complete |  0
|   6|0x000000070a000000, 0x000000070a200000, 0x000000070a200000|100%|HC|  |TAMS 0x000000070a000000| PB 0x000000070a000000| Complete |  0
|   7|0x000000070a200000, 0x000000070a400000, 0x000000070a400000|100%|HC|  |TAMS 0x000000070a200000| PB 0x000000070a200000| Complete |  0
|   8|0x000000070a400000, 0x000000070a600000, 0x000000070a600000|100%|HC|  |TAMS 0x000000070a400000| PB 0x000000070a400000| Complete |  0
|   9|0x000000070a600000, 0x000000070a800000, 0x000000070a800000|100%|HC|  |TAMS 0x000000070a600000| PB 0x000000070a600000| Complete |  0
|  10|0x000000070a800000, 0x000000070aa00000, 0x000000070aa00000|100%|HC|  |TAMS 0x000000070a800000| PB 0x000000070a800000| Complete |  0
|  11|0x000000070aa00000, 0x000000070aa00000, 0x000000070ac00000|  0%| F|  |TAMS 0x000000070aa00000| PB 0x000000070aa00000| Untracked |  0
|  12|0x000000070ac00000, 0x000000070ac00000, 0x000000070ae00000|  0%| F|  |TAMS 0x000000070ac00000| PB 0x000000070ac00000| Untracked |  0
|  13|0x000000070ae00000, 0x000000070ae00000, 0x000000070b000000|  0%| F|  |TAMS 0x000000070ae00000| PB 0x000000070ae00000| Untracked |  0
|  14|0x000000070b000000, 0x000000070b000000, 0x000000070b200000|  0%| F|  |TAMS 0x000000070b000000| PB 0x000000070b000000| Untracked |  0
|  15|0x000000070b200000, 0x000000070b200000, 0x000000070b400000|  0%| F|  |TAMS 0x000000070b200000| PB 0x000000070b200000| Untracked |  0
|  16|0x000000070b400000, 0x000000070b400000, 0x000000070b600000|  0%| F|  |TAMS 0x000000070b400000| PB 0x000000070b400000| Untracked |  0
|  17|0x000000070b600000, 0x000000070b600000, 0x000000070b800000|  0%| F|  |TAMS 0x000000070b600000| PB 0x000000070b600000| Untracked |  0
|  18|0x000000070b800000, 0x000000070b800000, 0x000000070ba00000|  0%| F|  |TAMS 0x000000070b800000| PB 0x000000070b800000| Untracked |  0
|  19|0x000000070ba00000, 0x000000070ba00000, 0x000000070bc00000|  0%| F|  |TAMS 0x000000070ba00000| PB 0x000000070ba00000| Untracked |  0
|  20|0x000000070bc00000, 0x000000070bc00000, 0x000000070be00000|  0%| F|  |TAMS 0x000000070bc00000| PB 0x000000070bc00000| Untracked |  0
|  21|0x000000070be00000, 0x000000070be00000, 0x000000070c000000|  0%| F|  |TAMS 0x000000070be00000| PB 0x000000070be00000| Untracked |  0
|  22|0x000000070c000000, 0x000000070c000000, 0x000000070c200000|  0%| F|  |TAMS 0x000000070c000000| PB 0x000000070c000000| Untracked |  0
|  23|0x000000070c200000, 0x000000070c200000, 0x000000070c400000|  0%| F|  |TAMS 0x000000070c200000| PB 0x000000070c200000| Untracked |  0
|  24|0x000000070c400000, 0x000000070c400000, 0x000000070c600000|  0%| F|  |TAMS 0x000000070c400000| PB 0x000000070c400000| Untracked |  0
|  25|0x000000070c600000, 0x000000070c600000, 0x000000070c800000|  0%| F|  |TAMS 0x000000070c600000| PB 0x000000070c600000| Untracked |  0
|  26|0x000000070c800000, 0x000000070c800000, 0x000000070ca00000|  0%| F|  |TAMS 0x000000070c800000| PB 0x000000070c800000| Untracked |  0
|  27|0x000000070ca00000, 0x000000070ca00000, 0x000000070cc00000|  0%| F|  |TAMS 0x000000070ca00000| PB 0x000000070ca00000| Untracked |  0
|  28|0x000000070cc00000, 0x000000070cc00000, 0x000000070ce00000|  0%| F|  |TAMS 0x000000070cc00000| PB 0x000000070cc00000| Untracked |  0
|  29|0x000000070ce00000, 0x000000070ce00000, 0x000000070d000000|  0%| F|  |TAMS 0x000000070ce00000| PB 0x000000070ce00000| Untracked |  0
|  30|0x000000070d000000, 0x000000070d000000, 0x000000070d200000|  0%| F|  |TAMS 0x000000070d000000| PB 0x000000070d000000| Untracked |  0
|  31|0x000000070d200000, 0x000000070d200000, 0x000000070d400000|  0%| F|  |TAMS 0x000000070d200000| PB 0x000000070d200000| Untracked |  0
|  32|0x000000070d400000, 0x000000070d400000, 0x000000070d600000|  0%| F|  |TAMS 0x000000070d400000| PB 0x000000070d400000| Untracked |  0
|  33|0x000000070d600000, 0x000000070d600000, 0x000000070d800000|  0%| F|  |TAMS 0x000000070d600000| PB 0x000000070d600000| Untracked |  0
|  34|0x000000070d800000, 0x000000070d800000, 0x000000070da00000|  0%| F|  |TAMS 0x000000070d800000| PB 0x000000070d800000| Untracked |  0
|  35|0x000000070da00000, 0x000000070da00000, 0x000000070dc00000|  0%| F|  |TAMS 0x000000070da00000| PB 0x000000070da00000| Untracked |  0
|  36|0x000000070dc00000, 0x000000070dc00000, 0x000000070de00000|  0%| F|  |TAMS 0x000000070dc00000| PB 0x000000070dc00000| Untracked |  0
|  37|0x000000070de00000, 0x000000070de00000, 0x000000070e000000|  0%| F|  |TAMS 0x000000070de00000| PB 0x000000070de00000| Untracked |  0
|  38|0x000000070e000000, 0x000000070e000000, 0x000000070e200000|  0%| F|  |TAMS 0x000000070e000000| PB 0x000000070e000000| Untracked |  0
|  39|0x000000070e200000, 0x000000070e200000, 0x000000070e400000|  0%| F|  |TAMS 0x000000070e200000| PB 0x000000070e200000| Untracked |  0
|  40|0x000000070e400000, 0x000000070e400000, 0x000000070e600000|  0%| F|  |TAMS 0x000000070e400000| PB 0x000000070e400000| Untracked |  0
|  41|0x000000070e600000, 0x000000070e600000, 0x000000070e800000|  0%| F|  |TAMS 0x000000070e600000| PB 0x000000070e600000| Untracked |  0
|  42|0x000000070e800000, 0x000000070e800000, 0x000000070ea00000|  0%| F|  |TAMS 0x000000070e800000| PB 0x000000070e800000| Untracked |  0
|  43|0x000000070ea00000, 0x000000070ea00000, 0x000000070ec00000|  0%| F|  |TAMS 0x000000070ea00000| PB 0x000000070ea00000| Untracked |  0
|  44|0x000000070ec00000, 0x000000070ec00000, 0x000000070ee00000|  0%| F|  |TAMS 0x000000070ec00000| PB 0x000000070ec00000| Untracked |  0
|  45|0x000000070ee00000, 0x000000070ee00000, 0x000000070f000000|  0%| F|  |TAMS 0x000000070ee00000| PB 0x000000070ee00000| Untracked |  0
|  46|0x000000070f000000, 0x000000070f000000, 0x000000070f200000|  0%| F|  |TAMS 0x000000070f000000| PB 0x000000070f000000| Untracked |  0
|  47|0x000000070f200000, 0x000000070f200000, 0x000000070f400000|  0%| F|  |TAMS 0x000000070f200000| PB 0x000000070f200000| Untracked |  0
|  48|0x000000070f400000, 0x000000070f400000, 0x000000070f600000|  0%| F|  |TAMS 0x000000070f400000| PB 0x000000070f400000| Untracked |  0
|  49|0x000000070f600000, 0x000000070f600000, 0x000000070f800000|  0%| F|  |TAMS 0x000000070f600000| PB 0x000000070f600000| Untracked |  0
|  50|0x000000070f800000, 0x000000070f800000, 0x000000070fa00000|  0%| F|  |TAMS 0x000000070f800000| PB 0x000000070f800000| Untracked |  0
|  51|0x000000070fa00000, 0x000000070fa00000, 0x000000070fc00000|  0%| F|  |TAMS 0x000000070fa00000| PB 0x000000070fa00000| Untracked |  0
|  52|0x000000070fc00000, 0x000000070fc00000, 0x000000070fe00000|  0%| F|  |TAMS 0x000000070fc00000| PB 0x000000070fc00000| Untracked |  0
|  53|0x000000070fe00000, 0x000000070fe00000, 0x0000000710000000|  0%| F|  |TAMS 0x000000070fe00000| PB 0x000000070fe00000| Untracked |  0
|  54|0x0000000710000000, 0x0000000710000000, 0x0000000710200000|  0%| F|  |TAMS 0x0000000710000000| PB 0x0000000710000000| Untracked |  0
|  55|0x0000000710200000, 0x0000000710200000, 0x0000000710400000|  0%| F|  |TAMS 0x0000000710200000| PB 0x0000000710200000| Untracked |  0
|  56|0x0000000710400000, 0x0000000710400000, 0x0000000710600000|  0%| F|  |TAMS 0x0000000710400000| PB 0x0000000710400000| Untracked |  0
|  57|0x0000000710600000, 0x0000000710600000, 0x0000000710800000|  0%| F|  |TAMS 0x0000000710600000| PB 0x0000000710600000| Untracked |  0
|  58|0x0000000710800000, 0x0000000710800000, 0x0000000710a00000|  0%| F|  |TAMS 0x0000000710800000| PB 0x0000000710800000| Untracked |  0
|  59|0x0000000710a00000, 0x0000000710a00000, 0x0000000710c00000|  0%| F|  |TAMS 0x0000000710a00000| PB 0x0000000710a00000| Untracked |  0
|  60|0x0000000710c00000, 0x0000000710c00000, 0x0000000710e00000|  0%| F|  |TAMS 0x0000000710c00000| PB 0x0000000710c00000| Untracked |  0
|  61|0x0000000710e00000, 0x0000000710e00000, 0x0000000711000000|  0%| F|  |TAMS 0x0000000710e00000| PB 0x0000000710e00000| Untracked |  0
|  62|0x0000000711000000, 0x0000000711000000, 0x0000000711200000|  0%| F|  |TAMS 0x0000000711000000| PB 0x0000000711000000| Untracked |  0
|  63|0x0000000711200000, 0x0000000711200000, 0x0000000711400000|  0%| F|  |TAMS 0x0000000711200000| PB 0x0000000711200000| Untracked |  0
|  64|0x0000000711400000, 0x0000000711400000, 0x0000000711600000|  0%| F|  |TAMS 0x0000000711400000| PB 0x0000000711400000| Untracked |  0
|  65|0x0000000711600000, 0x0000000711600000, 0x0000000711800000|  0%| F|  |TAMS 0x0000000711600000| PB 0x0000000711600000| Untracked |  0
|  66|0x0000000711800000, 0x0000000711800000, 0x0000000711a00000|  0%| F|  |TAMS 0x0000000711800000| PB 0x0000000711800000| Untracked |  0
|  67|0x0000000711a00000, 0x0000000711a00000, 0x0000000711c00000|  0%| F|  |TAMS 0x0000000711a00000| PB 0x0000000711a00000| Untracked |  0
|  68|0x0000000711c00000, 0x0000000711c00000, 0x0000000711e00000|  0%| F|  |TAMS 0x0000000711c00000| PB 0x0000000711c00000| Untracked |  0
|  69|0x0000000711e00000, 0x0000000711e00000, 0x0000000712000000|  0%| F|  |TAMS 0x0000000711e00000| PB 0x0000000711e00000| Untracked |  0
|  70|0x0000000712000000, 0x0000000712000000, 0x0000000712200000|  0%| F|  |TAMS 0x0000000712000000| PB 0x0000000712000000| Untracked |  0
|  71|0x0000000712200000, 0x0000000712200000, 0x0000000712400000|  0%| F|  |TAMS 0x0000000712200000| PB 0x0000000712200000| Untracked |  0
|  72|0x0000000712400000, 0x0000000712400000, 0x0000000712600000|  0%| F|  |TAMS 0x0000000712400000| PB 0x0000000712400000| Untracked |  0
|  73|0x0000000712600000, 0x0000000712600000, 0x0000000712800000|  0%| F|  |TAMS 0x0000000712600000| PB 0x0000000712600000| Untracked |  0
|  74|0x0000000712800000, 0x0000000712800000, 0x0000000712a00000|  0%| F|  |TAMS 0x0000000712800000| PB 0x0000000712800000| Untracked |  0
|  75|0x0000000712a00000, 0x0000000712a00000, 0x0000000712c00000|  0%| F|  |TAMS 0x0000000712a00000| PB 0x0000000712a00000| Untracked |  0
|  76|0x0000000712c00000, 0x0000000712c00000, 0x0000000712e00000|  0%| F|  |TAMS 0x0000000712c00000| PB 0x0000000712c00000| Untracked |  0
|  77|0x0000000712e00000, 0x0000000712e00000, 0x0000000713000000|  0%| F|  |TAMS 0x0000000712e00000| PB 0x0000000712e00000| Untracked |  0
|  78|0x0000000713000000, 0x0000000713000000, 0x0000000713200000|  0%| F|  |TAMS 0x0000000713000000| PB 0x0000000713000000| Untracked |  0
|  79|0x0000000713200000, 0x0000000713200000, 0x0000000713400000|  0%| F|  |TAMS 0x0000000713200000| PB 0x0000000713200000| Untracked |  0
|  80|0x0000000713400000, 0x0000000713400000, 0x0000000713600000|  0%| F|  |TAMS 0x0000000713400000| PB 0x0000000713400000| Untracked |  0
|  81|0x0000000713600000, 0x0000000713600000, 0x0000000713800000|  0%| F|  |TAMS 0x0000000713600000| PB 0x0000000713600000| Untracked |  0
|  82|0x0000000713800000, 0x0000000713800000, 0x0000000713a00000|  0%| F|  |TAMS 0x0000000713800000| PB 0x0000000713800000| Untracked |  0
|  83|0x0000000713a00000, 0x0000000713a00000, 0x0000000713c00000|  0%| F|  |TAMS 0x0000000713a00000| PB 0x0000000713a00000| Untracked |  0
|  84|0x0000000713c00000, 0x0000000713c00000, 0x0000000713e00000|  0%| F|  |TAMS 0x0000000713c00000| PB 0x0000000713c00000| Untracked |  0
|  85|0x0000000713e00000, 0x0000000713e00000, 0x0000000714000000|  0%| F|  |TAMS 0x0000000713e00000| PB 0x0000000713e00000| Untracked |  0
|  86|0x0000000714000000, 0x0000000714000000, 0x0000000714200000|  0%| F|  |TAMS 0x0000000714000000| PB 0x0000000714000000| Untracked |  0
|  87|0x0000000714200000, 0x0000000714200000, 0x0000000714400000|  0%| F|  |TAMS 0x0000000714200000| PB 0x0000000714200000| Untracked |  0
|  88|0x0000000714400000, 0x0000000714400000, 0x0000000714600000|  0%| F|  |TAMS 0x0000000714400000| PB 0x0000000714400000| Untracked |  0
|  89|0x0000000714600000, 0x0000000714600000, 0x0000000714800000|  0%| F|  |TAMS 0x0000000714600000| PB 0x0000000714600000| Untracked |  0
|  90|0x0000000714800000, 0x0000000714800000, 0x0000000714a00000|  0%| F|  |TAMS 0x0000000714800000| PB 0x0000000714800000| Untracked |  0
|  91|0x0000000714a00000, 0x0000000714a00000, 0x0000000714c00000|  0%| F|  |TAMS 0x0000000714a00000| PB 0x0000000714a00000| Untracked |  0
|  92|0x0000000714c00000, 0x0000000714c00000, 0x0000000714e00000|  0%| F|  |TAMS 0x0000000714c00000| PB 0x0000000714c00000| Untracked |  0
|  93|0x0000000714e00000, 0x0000000714e00000, 0x0000000715000000|  0%| F|  |TAMS 0x0000000714e00000| PB 0x0000000714e00000| Untracked |  0
|  94|0x0000000715000000, 0x0000000715000000, 0x0000000715200000|  0%| F|  |TAMS 0x0000000715000000| PB 0x0000000715000000| Untracked |  0
|  95|0x0000000715200000, 0x0000000715200000, 0x0000000715400000|  0%| F|  |TAMS 0x0000000715200000| PB 0x0000000715200000| Untracked |  0
|  96|0x0000000715400000, 0x0000000715400000, 0x0000000715600000|  0%| F|  |TAMS 0x0000000715400000| PB 0x0000000715400000| Untracked |  0
|  97|0x0000000715600000, 0x0000000715600000, 0x0000000715800000|  0%| F|  |TAMS 0x0000000715600000| PB 0x0000000715600000| Untracked |  0
|  98|0x0000000715800000, 0x0000000715800000, 0x0000000715a00000|  0%| F|  |TAMS 0x0000000715800000| PB 0x0000000715800000| Untracked |  0
|  99|0x0000000715a00000, 0x0000000715a00000, 0x0000000715c00000|  0%| F|  |TAMS 0x0000000715a00000| PB 0x0000000715a00000| Untracked |  0
| 100|0x0000000715c00000, 0x0000000715c00000, 0x0000000715e00000|  0%| F|  |TAMS 0x0000000715c00000| PB 0x0000000715c00000| Untracked |  0
| 101|0x0000000715e00000, 0x0000000715e00000, 0x0000000716000000|  0%| F|  |TAMS 0x0000000715e00000| PB 0x0000000715e00000| Untracked |  0
| 102|0x0000000716000000, 0x0000000716000000, 0x0000000716200000|  0%| F|  |TAMS 0x0000000716000000| PB 0x0000000716000000| Untracked |  0
| 103|0x0000000716200000, 0x0000000716200000, 0x0000000716400000|  0%| F|  |TAMS 0x0000000716200000| PB 0x0000000716200000| Untracked |  0
| 104|0x0000000716400000, 0x0000000716400000, 0x0000000716600000|  0%| F|  |TAMS 0x0000000716400000| PB 0x0000000716400000| Untracked |  0
| 105|0x0000000716600000, 0x0000000716600000, 0x0000000716800000|  0%| F|  |TAMS 0x0000000716600000| PB 0x0000000716600000| Untracked |  0
| 106|0x0000000716800000, 0x0000000716800000, 0x0000000716a00000|  0%| F|  |TAMS 0x0000000716800000| PB 0x0000000716800000| Untracked |  0
| 107|0x0000000716a00000, 0x0000000716a00000, 0x0000000716c00000|  0%| F|  |TAMS 0x0000000716a00000| PB 0x0000000716a00000| Untracked |  0
| 108|0x0000000716c00000, 0x0000000716c00000, 0x0000000716e00000|  0%| F|  |TAMS 0x0000000716c00000| PB 0x0000000716c00000| Untracked |  0
| 109|0x0000000716e00000, 0x0000000716e00000, 0x0000000717000000|  0%| F|  |TAMS 0x0000000716e00000| PB 0x0000000716e00000| Untracked |  0
| 110|0x0000000717000000, 0x00000007170a6640, 0x0000000717200000| 32%| S|CS|TAMS 0x0000000717000000| PB 0x0000000717000000| Complete |  0
| 111|0x0000000717200000, 0x0000000717400000, 0x0000000717400000|100%| S|CS|TAMS 0x0000000717200000| PB 0x0000000717200000| Complete |  0
| 112|0x0000000717400000, 0x0000000717400000, 0x0000000717600000|  0%| F|  |TAMS 0x0000000717400000| PB 0x0000000717400000| Untracked |  0
| 113|0x0000000717600000, 0x0000000717600000, 0x0000000717800000|  0%| F|  |TAMS 0x0000000717600000| PB 0x0000000717600000| Untracked |  0
| 114|0x0000000717800000, 0x0000000717800000, 0x0000000717a00000|  0%| F|  |TAMS 0x0000000717800000| PB 0x0000000717800000| Untracked |  0
| 115|0x0000000717a00000, 0x0000000717a00000, 0x0000000717c00000|  0%| F|  |TAMS 0x0000000717a00000| PB 0x0000000717a00000| Untracked |  0
| 116|0x0000000717c00000, 0x0000000717c00000, 0x0000000717e00000|  0%| F|  |TAMS 0x0000000717c00000| PB 0x0000000717c00000| Untracked |  0
| 117|0x0000000717e00000, 0x0000000717e00000, 0x0000000718000000|  0%| F|  |TAMS 0x0000000717e00000| PB 0x0000000717e00000| Untracked |  0
| 118|0x0000000718000000, 0x0000000718000000, 0x0000000718200000|  0%| F|  |TAMS 0x0000000718000000| PB 0x0000000718000000| Untracked |  0
| 119|0x0000000718200000, 0x00000007183965f8, 0x0000000718400000| 79%| E|  |TAMS 0x0000000718200000| PB 0x0000000718200000| Complete |  0
| 120|0x0000000718400000, 0x0000000718600000, 0x0000000718600000|100%| E|CS|TAMS 0x0000000718400000| PB 0x0000000718400000| Complete |  0
| 121|0x0000000718600000, 0x0000000718800000, 0x0000000718800000|100%| E|CS|TAMS 0x0000000718600000| PB 0x0000000718600000| Complete |  0
| 122|0x0000000718800000, 0x0000000718a00000, 0x0000000718a00000|100%| E|  |TAMS 0x0000000718800000| PB 0x0000000718800000| Complete |  0
| 123|0x0000000718a00000, 0x0000000718c00000, 0x0000000718c00000|100%| E|CS|TAMS 0x0000000718a00000| PB 0x0000000718a00000| Complete |  0

Card table byte_map: [0x00000248454e0000,0x0000024845ca0000] _byte_map_base: 0x0000024841c96000

Marking Bits: (CMBitMap*) 0x000002482cddc230
 Bits: [0x0000024845ca0000, 0x0000024849a50000)

Polling page: 0x000002482abf0000

Metaspace:

Usage:
  Non-class:      5.50 MB used.
      Class:    697.27 KB used.
       Both:      6.18 MB used.

Virtual space:
  Non-class space:       64.00 MB reserved,       5.62 MB (  9%) committed,  1 nodes.
      Class space:        1.00 GB reserved,     832.00 KB ( <1%) committed,  1 nodes.
             Both:        1.06 GB reserved,       6.44 MB ( <1%) committed. 

Chunk freelists:
   Non-Class:  10.36 MB
       Class:  15.24 MB
        Both:  25.60 MB

MaxMetaspaceSize: unlimited
CompressedClassSpaceSize: 1.00 GB
Initial GC threshold: 21.00 MB
Current GC threshold: 21.00 MB
CDS: on
 - commit_granule_bytes: 65536.
 - commit_granule_words: 8192.
 - virtual_space_node_default_size: 8388608.
 - enlarge_chunks_in_place: 1.
 - use_allocation_guard: 0.


Internal statistics:

num_allocs_failed_limit: 0.
num_arena_births: 136.
num_arena_deaths: 0.
num_vsnodes_births: 2.
num_vsnodes_deaths: 0.
num_space_committed: 103.
num_space_uncommitted: 0.
num_chunks_returned_to_freelist: 0.
num_chunks_taken_from_freelist: 160.
num_chunk_merges: 0.
num_chunk_splits: 99.
num_chunks_enlarged: 45.
num_inconsistent_stats: 0.

CodeHeap 'non-profiled nmethods': size=119232Kb used=303Kb max_used=303Kb free=118928Kb
 bounds [0x000002483d030000, 0x000002483d2a0000, 0x00000248444a0000]
CodeHeap 'profiled nmethods': size=119104Kb used=1363Kb max_used=1363Kb free=117740Kb
 bounds [0x00000248354a0000, 0x0000024835710000, 0x000002483c8f0000]
CodeHeap 'non-nmethods': size=7424Kb used=3152Kb max_used=3179Kb free=4271Kb
 bounds [0x000002483c8f0000, 0x000002483cc10000, 0x000002483d030000]
CodeCache: size=245760Kb, used=4818Kb, max_used=4845Kb, free=240939Kb
 total_blobs=1602, nmethods=1041, adapters=464, full_count=0
Compilation: enabled, stopped_count=0, restarted_count=0

Compilation events (20 events):
Event: 0.477 Thread 0x000002484ca15770 nmethod 1010 0x000002483d076708 code [0x000002483d076840, 0x000002483d076ae8]
Event: 0.477 Thread 0x000002484ca11650 nmethod 1015 0x000002483d076b88 code [0x000002483d076ca0, 0x000002483d076ef8]
Event: 0.491 Thread 0x000002484ca11650 1020       4       jdk.internal.misc.InternalLock::lock (8 bytes)
Event: 0.494 Thread 0x000002484ca11650 nmethod 1020 0x000002483d076f88 code [0x000002483d0770c0, 0x000002483d077380]
Event: 0.494 Thread 0x000002484ca11650 1021       4       jdk.internal.misc.InternalLock::unlock (8 bytes)
Event: 0.496 Thread 0x000002484ca11650 nmethod 1021 0x000002483d077408 code [0x000002483d077540, 0x000002483d077748]
Event: 0.498 Thread 0x000002484ca11650 1022   !   4       java.util.zip.Inflater::finished (19 bytes)
Event: 0.499 Thread 0x000002484ca11650 nmethod 1022 0x000002483d077808 code [0x000002483d077900, 0x000002483d077b38]
Event: 0.501 Thread 0x000002484ca13560 1023   !   3       sun.awt.AppContext::get (123 bytes)
Event: 0.501 Thread 0x000002484ca13560 nmethod 1023 0x00000248355e8f08 code [0x00000248355e90a0, 0x00000248355e9c18]
Event: 0.502 Thread 0x000002484ca13560 1024 % !   3       sun.awt.image.PNGImageDecoder::produceImage @ 960 (1917 bytes)
Event: 0.506 Thread 0x000002484ca13560 nmethod 1024% 0x00000248355e9c88 code [0x00000248355ea400, 0x00000248355f0a20]
Event: 0.506 Thread 0x000002484ca15770 1025 % !   4       sun.awt.image.PNGImageDecoder::produceImage @ 960 (1917 bytes)
Event: 0.511 Thread 0x000002484ca13560 1026       3       sun.awt.image.ImageDecoder::setPixels (58 bytes)
Event: 0.512 Thread 0x000002484ca13560 nmethod 1026 0x00000248355f0b08 code [0x00000248355f0c80, 0x00000248355f14b8]
Event: 0.512 Thread 0x000002484ca13560 1027       3       java.awt.image.ReplicateScaleFilter::setPixels (225 bytes)
Event: 0.513 Thread 0x000002484ca13560 nmethod 1027 0x00000248355f1508 code [0x00000248355f1680, 0x00000248355f1f98]
Event: 0.520 Thread 0x000002484ca11650 1028       4       java.util.concurrent.locks.ReentrantLock$Sync::tryRelease (51 bytes)
Event: 0.521 Thread 0x000002484ca11650 nmethod 1028 0x000002483d077b88 code [0x000002483d077c80, 0x000002483d077dc0]
Event: 0.528 Thread 0x000002484ca11650 1029       4       java.io.BufferedInputStream::read1 (121 bytes)

GC Heap History (2 events):
Event: 0.471 GC heap before
{Heap before GC invocations=0 (full 0):
 garbage-first heap   total reserved 4042752K, committed 253952K, used 47104K [0x0000000709400000, 0x0000000800000000)
  region size 2048K, 12 young (24576K), 0 survivors (0K)
 Metaspace       used 5549K, committed 5824K, reserved 1114112K
  class space    used 590K, committed 704K, reserved 1048576K
}
Event: 0.475 GC heap after
{Heap after GC invocations=1 (full 0):
 garbage-first heap   total reserved 4042752K, committed 253952K, used 25241K [0x0000000709400000, 0x0000000800000000)
  region size 2048K, 2 young (4096K), 2 survivors (4096K)
 Metaspace       used 5549K, committed 5824K, reserved 1114112K
  class space    used 590K, committed 704K, reserved 1048576K
}

Dll operation events (7 events):
Event: 0.010 Loaded shared library C:\Program Files\Java\jdk-23\bin\java.dll
Event: 0.109 Loaded shared library C:\Program Files\Java\jdk-23\bin\jsvml.dll
Event: 0.128 Loaded shared library C:\Program Files\Java\jdk-23\bin\net.dll
Event: 0.130 Loaded shared library C:\Program Files\Java\jdk-23\bin\nio.dll
Event: 0.150 Loaded shared library C:\Program Files\Java\jdk-23\bin\zip.dll
Event: 0.193 Loaded shared library C:\Program Files\Java\jdk-23\bin\jimage.dll
Event: 0.207 Loaded shared library C:\Program Files\Java\jdk-23\bin\awt.dll

Deoptimization events (20 events):
Event: 0.396 Thread 0x00000248922f5500 DEOPT PACKING pc=0x000002483d0430d4 sp=0x00000048cf8fecf0
Event: 0.396 Thread 0x00000248922f5500 DEOPT UNPACKING pc=0x000002483c944402 sp=0x00000048cf8fec90 mode 2
Event: 0.454 Thread 0x00000248922f5500 DEOPT PACKING pc=0x00000248355cc74f sp=0x00000048cf8ff290
Event: 0.454 Thread 0x00000248922f5500 DEOPT UNPACKING pc=0x000002483c944b22 sp=0x00000048cf8fe8c0 mode 0
Event: 0.462 Thread 0x00000248922f5500 DEOPT PACKING pc=0x00000248355e6a7e sp=0x00000048cf8ff020
Event: 0.462 Thread 0x00000248922f5500 DEOPT UNPACKING pc=0x000002483c944b22 sp=0x00000048cf8fe4c0 mode 0
Event: 0.463 Thread 0x00000248922f5500 DEOPT PACKING pc=0x00000248355e6a7e sp=0x00000048cf8ff020
Event: 0.463 Thread 0x00000248922f5500 DEOPT UNPACKING pc=0x000002483c944b22 sp=0x00000048cf8fe4c0 mode 0
Event: 0.463 Thread 0x00000248922f5500 DEOPT PACKING pc=0x00000248355e6a7e sp=0x00000048cf8ff020
Event: 0.463 Thread 0x00000248922f5500 DEOPT UNPACKING pc=0x000002483c944b22 sp=0x00000048cf8fe4c0 mode 0
Event: 0.464 Thread 0x00000248922f5500 DEOPT PACKING pc=0x00000248355e6a7e sp=0x00000048cf8ff010
Event: 0.464 Thread 0x00000248922f5500 DEOPT UNPACKING pc=0x000002483c944b22 sp=0x00000048cf8fe4b0 mode 0
Event: 0.464 Thread 0x00000248922f5500 DEOPT PACKING pc=0x00000248355e6a7e sp=0x00000048cf8ff010
Event: 0.464 Thread 0x00000248922f5500 DEOPT UNPACKING pc=0x000002483c944b22 sp=0x00000048cf8fe4b0 mode 0
Event: 0.465 Thread 0x00000248922f5500 DEOPT PACKING pc=0x00000248355e6a7e sp=0x00000048cf8ff0d0
Event: 0.465 Thread 0x00000248922f5500 DEOPT UNPACKING pc=0x000002483c944b22 sp=0x00000048cf8fe570 mode 0
Event: 0.500 Thread 0x00000248922f5500 Uncommon trap: trap_request=0xffffff45 fr.pc=0x000002483d072cf4 relative=0x0000000000001bd4
Event: 0.500 Thread 0x00000248922f5500 Uncommon trap: reason=unstable_if action=reinterpret pc=0x000002483d072cf4 method=sun.awt.image.PNGImageDecoder.produceImage()V @ 867 c2
Event: 0.500 Thread 0x00000248922f5500 DEOPT PACKING pc=0x000002483d072cf4 sp=0x00000048cf8ff430
Event: 0.500 Thread 0x00000248922f5500 DEOPT UNPACKING pc=0x000002483c944402 sp=0x00000048cf8ff3c0 mode 2

Classes loaded (20 events):
Event: 0.408 Loading class java/awt/image/SampleModel done
Event: 0.408 Loading class java/awt/image/SinglePixelPackedSampleModel done
Event: 0.408 Loading class sun/awt/image/IntegerInterleavedRaster
Event: 0.408 Loading class sun/awt/image/IntegerComponentRaster
Event: 0.409 Loading class sun/awt/image/IntegerComponentRaster done
Event: 0.409 Loading class sun/awt/image/IntegerInterleavedRaster done
Event: 0.409 Loading class java/awt/image/BufferedImage
Event: 0.409 Loading class java/awt/image/WritableRenderedImage
Event: 0.409 Loading class java/awt/image/RenderedImage
Event: 0.410 Loading class java/awt/image/RenderedImage done
Event: 0.410 Loading class java/awt/image/WritableRenderedImage done
Event: 0.410 Loading class java/awt/image/BufferedImage done
Event: 0.410 Loading class java/awt/image/BufferedImage$1
Event: 0.410 Loading class java/awt/image/BufferedImage$1 done
Event: 0.500 Loading class java/awt/image/ReplicateScaleFilter
Event: 0.501 Loading class java/awt/image/ImageFilter
Event: 0.501 Loading class java/awt/image/ImageFilter done
Event: 0.501 Loading class java/awt/image/ReplicateScaleFilter done
Event: 0.501 Loading class java/awt/image/FilteredImageSource
Event: 0.501 Loading class java/awt/image/FilteredImageSource done

Classes unloaded (0 events):
No events

Classes redefined (0 events):
No events

Internal exceptions (16 events):
Event: 0.139 Thread 0x000002482aa95ec0 Exception <a 'java/lang/NoSuchMethodError'{0x0000000718bad9b0}: 'void java.lang.invoke.DirectMethodHandle$Holder.invokeVirtual(java.lang.Object, java.lang.Object)'> (0x0000000718bad9b0) 
thrown [s\open\src\hotspot\share\interpreter\linkResolver.cpp, line 796]
Event: 0.141 Thread 0x000002482aa95ec0 Exception <a 'java/lang/NoSuchMethodError'{0x0000000718bb9160}: 'java.lang.Object java.lang.invoke.DirectMethodHandle$Holder.invokeInterface(java.lang.Object, java.lang.Object, java.lang.Object)'> (0x0000000718bb9160) 
thrown [s\open\src\hotspot\share\interpreter\linkResolver.cpp, line 796]
Event: 0.171 Thread 0x000002482aa95ec0 Exception <a 'java/lang/NoSuchMethodError'{0x0000000718993f38}: 'void java.lang.invoke.DirectMethodHandle$Holder.invokeSpecial(java.lang.Object, java.lang.Object, java.lang.Object)'> (0x0000000718993f38) 
thrown [s\open\src\hotspot\share\interpreter\linkResolver.cpp, line 796]
Event: 0.172 Thread 0x000002482aa95ec0 Exception <a 'java/lang/NoSuchMethodError'{0x000000071899e530}: 'void java.lang.invoke.DirectMethodHandle$Holder.invokeSpecial(java.lang.Object, java.lang.Object, java.lang.Object, java.lang.Object, java.lang.Object)'> (0x000000071899e530) 
thrown [s\open\src\hotspot\share\interpreter\linkResolver.cpp, line 796]
Event: 0.175 Thread 0x000002482aa95ec0 Exception <a 'java/lang/NoSuchMethodError'{0x00000007189b22e8}: 'java.lang.Object java.lang.invoke.DirectMethodHandle$Holder.invokeInterface(java.lang.Object, java.lang.Object)'> (0x00000007189b22e8) 
thrown [s\open\src\hotspot\share\interpreter\linkResolver.cpp, line 796]
Event: 0.176 Thread 0x000002482aa95ec0 Exception <a 'java/lang/IncompatibleClassChangeError'{0x00000007189b5578}: Found class java.lang.Object, but interface was expected> (0x00000007189b5578) 
thrown [s\open\src\hotspot\share\interpreter\linkResolver.cpp, line 863]
Event: 0.176 Thread 0x000002482aa95ec0 Exception <a 'java/lang/NoSuchMethodError'{0x00000007189b7fd8}: 'void java.lang.invoke.DirectMethodHandle$Holder.invokeStatic(java.lang.Object, java.lang.Object, java.lang.Object, java.lang.Object)'> (0x00000007189b7fd8) 
thrown [s\open\src\hotspot\share\interpreter\linkResolver.cpp, line 796]
Event: 0.196 Thread 0x000002482aa95ec0 Exception <a 'sun/nio/fs/WindowsException'{0x0000000718680b80}> (0x0000000718680b80) 
thrown [s\open\src\hotspot\share\prims\jni.cpp, line 520]
Event: 0.200 Thread 0x000002482aa95ec0 Exception <a 'java/lang/ClassNotFoundException'{0x000000071868c8b8}: sun/awt/resources/spi/awtProvider> (0x000000071868c8b8) 
thrown [s\open\src\hotspot\share\classfile\systemDictionary.cpp, line 313]
Event: 0.214 Thread 0x000002482aa95ec0 Exception <a 'java/io/FileNotFoundException'{0x00000007186de780}> (0x00000007186de780) 
thrown [s\open\src\hotspot\share\prims\jni.cpp, line 520]
Event: 0.218 Thread 0x000002482aa95ec0 Exception <a 'java/io/FileNotFoundException'{0x0000000718787b50}> (0x0000000718787b50) 
thrown [s\open\src\hotspot\share\prims\jni.cpp, line 520]
Event: 0.340 Thread 0x000002482aa95ec0 Exception <a 'java/lang/NoSuchMethodError'{0x0000000718561140}: 'java.lang.Object java.lang.invoke.DirectMethodHandle$Holder.invokeStatic(java.lang.Object, int, java.lang.Object)'> (0x0000000718561140) 
thrown [s\open\src\hotspot\share\interpreter\linkResolver.cpp, line 796]
Event: 0.353 Thread 0x000002482aa95ec0 Exception <a 'java/lang/ClassNotFoundException'{0x00000007182077c8}: com/sun/swing/internal/plaf/metal/resources/spi/metalProvider> (0x00000007182077c8) 
thrown [s\open\src\hotspot\share\classfile\systemDictionary.cpp, line 313]
Event: 0.354 Thread 0x000002482aa95ec0 Exception <a 'java/lang/ClassNotFoundException'{0x000000071820eac0}: com/sun/swing/internal/plaf/basic/resources/spi/basicProvider> (0x000000071820eac0) 
thrown [s\open\src\hotspot\share\classfile\systemDictionary.cpp, line 313]
Event: 0.361 Thread 0x000002482aa95ec0 Exception <a 'java/lang/NoSuchMethodError'{0x000000071822e3d8}: 'int java.lang.invoke.Invokers$Holder.invokeExact_MT(java.lang.Object, java.lang.Object)'> (0x000000071822e3d8) 
thrown [s\open\src\hotspot\share\interpreter\linkResolver.cpp, line 796]
Event: 0.400 Thread 0x00000248922f5500 Exception <a 'java/lang/NoSuchMethodError'{0x0000000718021050}: 'java.lang.Object java.lang.invoke.DirectMethodHandle$Holder.newInvokeSpecial(java.lang.Object, java.lang.Object, java.lang.Object, int, int, int, int, int)'> (0x0000000718021050) 
thrown [s\open\src\hotspot\share\interpreter\linkResolver.cpp, line 796]

VM Operations (12 events):
Event: 0.174 Executing VM operation: HandshakeAllThreads (Deoptimize)
Event: 0.174 Executing VM operation: HandshakeAllThreads (Deoptimize) done
Event: 0.225 Executing VM operation: HandshakeAllThreads (Deoptimize)
Event: 0.225 Executing VM operation: HandshakeAllThreads (Deoptimize) done
Event: 0.381 Executing VM operation: HandshakeAllThreads (Deoptimize)
Event: 0.381 Executing VM operation: HandshakeAllThreads (Deoptimize) done
Event: 0.396 Executing VM operation: HandshakeAllThreads (Deoptimize)
Event: 0.396 Executing VM operation: HandshakeAllThreads (Deoptimize) done
Event: 0.471 Executing VM operation: G1CollectForAllocation (G1 Evacuation Pause)
Event: 0.475 Executing VM operation: G1CollectForAllocation (G1 Evacuation Pause) done
Event: 0.501 Executing VM operation: HandshakeAllThreads (Deoptimize)
Event: 0.501 Executing VM operation: HandshakeAllThreads (Deoptimize) done

Memory protections (0 events):
No events

Nmethod flushes (0 events):
No events

Events (20 events):
Event: 0.107 Thread 0x000002482aa95ec0 Thread added: 0x000002484c9fca40
Event: 0.107 Thread 0x000002482aa95ec0 Thread added: 0x000002484c9fe4b0
Event: 0.107 Thread 0x000002482aa95ec0 Thread added: 0x000002484c9ff850
Event: 0.108 Thread 0x000002482aa95ec0 Thread added: 0x000002484ca002b0
Event: 0.108 Thread 0x000002482aa95ec0 Thread added: 0x000002484ca08d20
Event: 0.108 Thread 0x000002482aa95ec0 Thread added: 0x000002484ca098b0
Event: 0.108 Thread 0x000002482aa95ec0 Thread added: 0x000002484ca11650
Event: 0.108 Thread 0x000002482aa95ec0 Thread added: 0x000002484ca12e90
Event: 0.123 Thread 0x000002482aa95ec0 Thread added: 0x000002484cb331c0
Event: 0.141 Thread 0x000002484ca12e90 Thread added: 0x000002484ca15e40
Event: 0.163 Thread 0x000002484ca12e90 Thread added: 0x000002484ca16510
Event: 0.163 Thread 0x000002484ca12e90 Thread added: 0x000002484ca13560
Event: 0.167 Thread 0x000002484ca15e40 Thread added: 0x000002484ca15770
Event: 0.183 Thread 0x000002482aa95ec0 Thread added: 0x000002484cde68d0
Event: 0.253 Thread 0x000002482aa95ec0 Thread added: 0x0000024892023b10
Event: 0.254 Thread 0x000002482aa95ec0 Thread added: 0x000002489202bf80
Event: 0.255 Thread 0x000002482aa95ec0 Thread added: 0x00000248920318d0
Event: 0.338 Thread 0x000002484ca15770 Thread exited: 0x000002484ca15770
Event: 0.365 Thread 0x000002482aa95ec0 Thread added: 0x00000248922f5500
Event: 0.383 Thread 0x000002484ca13560 Thread added: 0x000002484ca15770


Dynamic libraries:
0x00007ff73bef0000 - 0x00007ff73bf00000 	C:\Program Files\Java\jdk-23\bin\javaw.exe
0x00007ffef83f0000 - 0x00007ffef8607000 	C:\WINDOWS\SYSTEM32\ntdll.dll
0x00007ffef74e0000 - 0x00007ffef75a4000 	C:\WINDOWS\System32\KERNEL32.DLL
0x00007ffef5730000 - 0x00007ffef5aea000 	C:\WINDOWS\System32\KERNELBASE.dll
0x00007ffef1460000 - 0x00007ffef14f7000 	C:\WINDOWS\SYSTEM32\apphelp.dll
0x00007ffef5c60000 - 0x00007ffef5d71000 	C:\WINDOWS\System32\ucrtbase.dll
0x00007ffedf3d0000 - 0x00007ffedf3eb000 	C:\Program Files\Java\jdk-23\bin\VCRUNTIME140.dll
0x00007ffed7cf0000 - 0x00007ffed7d07000 	C:\Program Files\Java\jdk-23\bin\jli.dll
0x00007ffef7fe0000 - 0x00007ffef818e000 	C:\WINDOWS\System32\USER32.dll
0x00007ffef5fc0000 - 0x00007ffef5fe6000 	C:\WINDOWS\System32\win32u.dll
0x00007ffee2790000 - 0x00007ffee2a22000 	C:\WINDOWS\WinSxS\amd64_microsoft.windows.common-controls_6595b64144ccf1df_6.0.22621.4541_none_2710d1c57384c085\COMCTL32.dll
0x00007ffef7fb0000 - 0x00007ffef7fd9000 	C:\WINDOWS\System32\GDI32.dll
0x00007ffef6390000 - 0x00007ffef6437000 	C:\WINDOWS\System32\msvcrt.dll
0x00007ffef5ea0000 - 0x00007ffef5fbb000 	C:\WINDOWS\System32\gdi32full.dll
0x00007ffef5e00000 - 0x00007ffef5e9a000 	C:\WINDOWS\System32\msvcp_win.dll
0x00007ffef6350000 - 0x00007ffef6381000 	C:\WINDOWS\System32\IMM32.DLL
0x00007ffeef9e0000 - 0x00007ffeef9ec000 	C:\Program Files\Java\jdk-23\bin\vcruntime140_1.dll
0x00007ffecdd50000 - 0x00007ffecddde000 	C:\Program Files\Java\jdk-23\bin\msvcp140.dll
0x00007ffe5b080000 - 0x00007ffe5bdcf000 	C:\Program Files\Java\jdk-23\bin\server\jvm.dll
0x00007ffef78e0000 - 0x00007ffef7992000 	C:\WINDOWS\System32\ADVAPI32.dll
0x00007ffef8230000 - 0x00007ffef82d7000 	C:\WINDOWS\System32\sechost.dll
0x00007ffef60b0000 - 0x00007ffef60d8000 	C:\WINDOWS\System32\bcrypt.dll
0x00007ffef7100000 - 0x00007ffef7214000 	C:\WINDOWS\System32\RPCRT4.dll
0x00007ffef8190000 - 0x00007ffef8201000 	C:\WINDOWS\System32\WS2_32.dll
0x00007ffeee230000 - 0x00007ffeee264000 	C:\WINDOWS\SYSTEM32\WINMM.dll
0x00007ffef4540000 - 0x00007ffef458d000 	C:\WINDOWS\SYSTEM32\POWRPROF.dll
0x00007ffeef4d0000 - 0x00007ffeef4da000 	C:\WINDOWS\SYSTEM32\VERSION.dll
0x00007ffef4520000 - 0x00007ffef4533000 	C:\WINDOWS\SYSTEM32\UMPDC.dll
0x00007ffef47e0000 - 0x00007ffef47f8000 	C:\WINDOWS\SYSTEM32\kernel.appcore.dll
0x00007ffeef940000 - 0x00007ffeef94a000 	C:\Program Files\Java\jdk-23\bin\jimage.dll
0x00007ffef3020000 - 0x00007ffef3252000 	C:\WINDOWS\SYSTEM32\DBGHELP.DLL
0x00007ffef6440000 - 0x00007ffef67d1000 	C:\WINDOWS\System32\combase.dll
0x00007ffef6270000 - 0x00007ffef6347000 	C:\WINDOWS\System32\OLEAUT32.dll
0x00007ffeee270000 - 0x00007ffeee2a2000 	C:\WINDOWS\SYSTEM32\dbgcore.DLL
0x00007ffef56b0000 - 0x00007ffef572b000 	C:\WINDOWS\System32\bcryptPrimitives.dll
0x00007ffecfb20000 - 0x00007ffecfb3e000 	C:\Program Files\Java\jdk-23\bin\java.dll
0x00007ffef7720000 - 0x00007ffef78c5000 	C:\WINDOWS\System32\ole32.dll
0x00007ffef6800000 - 0x00007ffef7079000 	C:\WINDOWS\System32\SHELL32.dll
0x00007ffef3600000 - 0x00007ffef3f09000 	C:\WINDOWS\SYSTEM32\windows.storage.dll
0x00007ffef34c0000 - 0x00007ffef35ff000 	C:\WINDOWS\SYSTEM32\wintypes.dll
0x00007ffef7e90000 - 0x00007ffef7f8a000 	C:\WINDOWS\System32\SHCORE.dll
0x00007ffef82e0000 - 0x00007ffef833e000 	C:\WINDOWS\System32\shlwapi.dll
0x00007ffef55e0000 - 0x00007ffef560b000 	C:\WINDOWS\SYSTEM32\profapi.dll
0x00007ffecd160000 - 0x00007ffecd237000 	C:\Program Files\Java\jdk-23\bin\jsvml.dll
0x00007ffeedc20000 - 0x00007ffeedc30000 	C:\Program Files\Java\jdk-23\bin\net.dll
0x00007ffef4c60000 - 0x00007ffef4cc9000 	C:\WINDOWS\system32\mswsock.dll
0x00007ffecfa50000 - 0x00007ffecfa66000 	C:\Program Files\Java\jdk-23\bin\nio.dll
0x00007ffecfa30000 - 0x00007ffecfa47000 	C:\Program Files\Java\jdk-23\bin\zip.dll
0x00007ffe6ffa0000 - 0x00007ffe7012e000 	C:\Program Files\Java\jdk-23\bin\awt.dll
0x00007ffef2a00000 - 0x00007ffef2a2b000 	C:\WINDOWS\system32\DWMAPI.DLL
0x00007ffef2770000 - 0x00007ffef2821000 	C:\WINDOWS\system32\uxtheme.dll
0x00007ffe69380000 - 0x00007ffe69480000 	C:\WINDOWS\system32\opengl32.dll
0x00007ffe74350000 - 0x00007ffe7437d000 	C:\WINDOWS\SYSTEM32\GLU32.dll
0x00007ffef2a80000 - 0x00007ffef2ab7000 	C:\WINDOWS\SYSTEM32\dxcore.dll
0x00007ffef75b0000 - 0x00007ffef7711000 	C:\WINDOWS\System32\MSCTF.dll
0x00007ffe7a8e0000 - 0x00007ffe7aa88000 	C:\WINDOWS\system32\d3d9.dll
0x00007ffee8ef0000 - 0x00007ffee90a8000 	C:\WINDOWS\System32\DriverStore\FileRepository\u0382793.inf_amd64_1c9c9d36a5813460\B384051\aticfx64.dll
0x00007ffece550000 - 0x00007ffece584000 	C:\WINDOWS\System32\DriverStore\FileRepository\u0382793.inf_amd64_1c9c9d36a5813460\B384051\atiu9p64.dll
0x00007ffe579b0000 - 0x00007ffe58704000 	C:\WINDOWS\System32\DriverStore\FileRepository\u0382793.inf_amd64_1c9c9d36a5813460\B384051\atiumd64.dll
0x0000000075bb0000 - 0x0000000076a24000 	C:\WINDOWS\System32\DriverStore\FileRepository\u0382793.inf_amd64_1c9c9d36a5813460\B384051\atiumd6a.dll
0x00007ffef79a0000 - 0x00007ffef7e14000 	C:\WINDOWS\System32\SETUPAPI.dll
0x00007ffee8bb0000 - 0x00007ffee8be0000 	C:\WINDOWS\SYSTEM32\amdihk64.dll
0x00007ffeee6c0000 - 0x00007ffeee709000 	C:\WINDOWS\SYSTEM32\directxdatabasehelper.dll

dbghelp: loaded successfully - version: 4.0.5 - missing functions: none
symbol engine: initialized successfully - sym options: 0x614 - pdb path: .;C:\Program Files\Java\jdk-23\bin;C:\WINDOWS\SYSTEM32;C:\WINDOWS\WinSxS\amd64_microsoft.windows.common-controls_6595b64144ccf1df_6.0.22621.4541_none_2710d1c57384c085;C:\Program Files\Java\jdk-23\bin\server;C:\WINDOWS\System32\DriverStore\FileRepository\u0382793.inf_amd64_1c9c9d36a5813460\B384051

VM Arguments:
jvm_args: -Dfile.encoding=UTF-8 -Dstdout.encoding=UTF-8 -Dstderr.encoding=UTF-8 --module-path=D:\eclipse-workspace\BankingSystem\bin;C:\Users\no_name007\Downloads\jcalendar-tz-1.3.3-4.jar;C:\Users\no_name007\Downloads\mysql-connector-j-8.3.0.jar -XX:+ShowCodeDetailsInExceptionMessages -Djdk.module.main=BankingSystem 
java_command: BankingSystem/bank.management.system.SignUp2
java_class_path (initial): <not set>
Launcher Type: SUN_STANDARD

[Global flags]
     intx CICompilerCount                          = 12                                        {product} {ergonomic}
     uint ConcGCThreads                            = 3                                         {product} {ergonomic}
     uint G1ConcRefinementThreads                  = 13                                        {product} {ergonomic}
   size_t G1HeapRegionSize                         = 2097152                                   {product} {ergonomic}
   size_t InitialHeapSize                          = 260046848                                 {product} {ergonomic}
   size_t MarkStackSize                            = 4194304                                   {product} {ergonomic}
   size_t MarkStackSizeMax                         = 536870912                                 {product} {ergonomic}
   size_t MaxHeapSize                              = 4139778048                                {product} {ergonomic}
   size_t MaxNewSize                               = 2483027968                                {product} {ergonomic}
   size_t MinHeapDeltaBytes                        = 2097152                                   {product} {ergonomic}
   size_t MinHeapSize                              = 8388608                                   {product} {ergonomic}
    uintx NonNMethodCodeHeapSize                   = 7602176                                {pd product} {ergonomic}
    uintx NonProfiledCodeHeapSize                  = 122093568                              {pd product} {ergonomic}
    uintx ProfiledCodeHeapSize                     = 121962496                              {pd product} {ergonomic}
    uintx ReservedCodeCacheSize                    = 251658240                              {pd product} {ergonomic}
     bool SegmentedCodeCache                       = true                                      {product} {ergonomic}
     bool ShowCodeDetailsInExceptionMessages       = true                                   {manageable} {command line}
   size_t SoftMaxHeapSize                          = 4139778048                             {manageable} {ergonomic}
     bool UseCompressedOops                        = true                           {product lp64_product} {ergonomic}
     bool UseG1GC                                  = true                                      {product} {ergonomic}
     bool UseLargePagesIndividualAllocation        = false                                  {pd product} {ergonomic}

Logging:
Log output configuration:
 #0: stdout all=warning uptime,level,tags foldmultilines=false
 #1: stderr all=off uptime,level,tags foldmultilines=false

Environment Variables:
JAVA_HOME=C:\Program Files\Java\jdk-23
PATH=C:/Program Files/OpenLogic/jdk-21.0.4.7-hotspot/bin/server;C:/Program Files/OpenLogic/jdk-21.0.4.7-hotspot/bin;C:\Python312\Scripts\;C:\Python312\;C:\Program Files\OpenLogic\jdk-21.0.4.7-hotspot\bin;C:\Windows\system32;C:\Windows;C:\Windows\System32\Wbem;C:\Windows\System32\WindowsPowerShell\v1.0\;C:\Windows\System32\OpenSSH\;C:\Program Files (x86)\NVIDIA Corporation\PhysX\Common;C:\WINDOWS\system32;C:\WINDOWS;C:\WINDOWS\System32\Wbem;C:\WINDOWS\System32\WindowsPowerShell\v1.0\;C:\WINDOWS\System32\OpenSSH\;C:\Program Files\dotnet\;C:\Program Files\Java\jdk-23\;;C:\Program Files\NVIDIA Corporation\NVIDIA NvDLISR;C:\Program Files\nodejs\;C:\ProgramData\chocolatey\bin;C:\Program Files\MySQL\MySQL Shell 8.0\bin\;C:\Users\ROG_jv_Grace\AppData\Local\Microsoft\WindowsApps;C:\WINDOWS\system32;
USERNAME=ROG_jv_Grace
OS=Windows_NT
PROCESSOR_IDENTIFIER=AMD64 Family 23 Model 96 Stepping 1, AuthenticAMD
TMP=C:\Users\ROG_JV~1\AppData\Local\Temp
TEMP=C:\Users\ROG_JV~1\AppData\Local\Temp




Periodic native trim disabled

---------------  S Y S T E M  ---------------

OS:
 Windows 11 , 64 bit Build 22621 (10.0.22621.4391)
OS uptime: 1 days 17:15 hours

CPU: total 16 (initial active 16) (16 cores per cpu, 2 threads per core) family 23 model 96 stepping 1 microcode 0x0, cx8, cmov, fxsr, ht, mmx, 3dnowpref, sse, sse2, sse3, ssse3, sse4a, sse4.1, sse4.2, popcnt, lzcnt, tsc, tscinvbit, avx, avx2, aes, clmul, bmi1, bmi2, adx, sha, fma, vzeroupper, clflush, clflushopt, rdtscp, rdpid, f16c
Processor Information for the first 16 processors :
  Max Mhz: 2901, Current Mhz: 2901, Mhz Limit: 2901

Memory: 4k page, system-wide physical 15791M (378M free)
TotalPageFile size 48232M (AvailPageFile size 5M)
current process WorkingSet (physical memory assigned to process): 121M, peak: 121M
current process commit charge ("private bytes"): 377M, peak: 377M

vm_info: Java HotSpot(TM) 64-Bit Server VM (23+37-2369) for windows-amd64 JRE (23+37-2369), built on 2024-08-20T16:01:23Z with MS VC++ 17.6 (VS2022)

END.
